http://induser.com.ar/
https://estudioayd.com.ar/
https://gaiaconsultora.com/
https://ladiac.com.ar/
https://lombardiyasociados.com.ar/
https://www.acyaglobal.com/
https://www.alexstewart.com.ar/
https://www.bruchou.com
https://www.ceresconsultora.com/
https://www.coambiente.com/
https://www.disabsudamericana.com.py
https://www.dtplaboratorios.com/
https://www.envairo.com.ar/
https://www.envirolux.com.ar/
https://www.insaconsultora.com/
https://www.inysea.com/
https://www.jmbambiental.com.ar/
https://www.mfpconsultora.com
https://www.temasambientales.com/2017/03/servicios-ambientales.html
https://www.vadekaservicios.com/
http://www.acgconsultora.com.ar/
http://www.aeration.com.ar
http://www.aeration.com.ar/
http://www.aguasbonaerenses.com.ar
http://www.airviro.com./
http://www.ambientalargentina.com.ar/
http://www.aysa.com.ar/
http://www.bairesanalitica.com
http://www.bfmyl.com/
http://www.bfu.com.ar/
http://www.bhysa.com.ar/
http://www.braunco.com.ar/
http://www.brons.com.ar
http://www.brons.com.ar/
http://www.bureauveritas.com.ar/
http://www.cadeci.org.ar/
http://www.cadeci.org.ar/index.php/asociados/l-de-socios
http://www.camarambiental.org.ar
http://www.chaer.com.ar/
http://www.ciati.org/
http://www.cihsoluciones.com
http://www.consultoragmas.com/
http://www.consultoramasyc.com/
http://www.cooprogetti.com/
http://www.cooprogetti.it/
http://www.crexellsoluciones.com
http://www.cromaquimsrl.com.ar/
http://www.demison.com/
http://www.desleronline.com/
http://www.disabsudamericana.com/
http://www.econatsa.com/ar
http://www.ecopreneur.com.ar/
http://www.ecopreneursa.com
http://www.ecotec.com.ar/
http://www.ecotecconsultores.com.ar/
http://www.ehslatam.com/servicio-medio-ambiente.php
http://www.envairo.com.ar
http://www.envirolife.com.ar
http://www.envirolux.com.ar
http://www.evarsa.com.ar
http://www.evasa.com.ar/
http://www.eysa.com.ar/
http://www.geoambiente.com.ar
http://www.greencoenergy.com.ar
http://www.grundfos.com.ar/
http://www.hidroar.com
http://www.hytsa.com.ar
http://www.iatasa.com/
http://www.ibscordoba.com.ar/
http://www.ilacba.com.ar/
http://www.incol.com
http://www.indaltec.com
http://www.indarsa.com/
http://www.industriayambiente.com.ar
http://www.jmbambiental.com.ar
http://www.kioshi.com.ar/
http://www.labcon.com.ar/
http://www.lihue.com.ar/
http://www.limpiolux.com.ar/
http://www.lpge.com.ar/
http://www.macs-sa.com
http://www.masstechargentinasa.com.ar/
http://www.motoresczerweny.com.ar/
http://www.neaambiental.com.ar
http://www.nsorganizacional.com/nuevositio/home.asp
http://www.opds.gba.gov.ar/
http://www.proanalisis.com.ar
http://www.reconstruccion.com.ar/
http://www.recycomb.com/
http://www.reyesyasociados.com.ar
http://www.sai-sa.com.ar/servicios.html
http://www.salassrl.com
http://www.samex-env.com/eng/index.html
http://www.serviur.com/
http://www.sgs.com.ar
http://www.shimasrl.com.ar/contacto.html
http://www.siconsultores.com.ar/
http://www.sim-alianza.com.ar/
http://www.transportesolivos.com.ar/
http://www.trecc.com.ar/
http://www.vialidad.gov.ar
https://alexstewartinternational.com
http://www.miningpress.com
http://www.page1marketing.co.uk
http://miningpress.com
http://enernews.com
https://api.whatsapp.com
http://wix.com
https://blog.whatsapp.com
https://faq.whatsapp.com
https://web.whatsapp.com
https://www.whatsappbrand.com
https://www.whatsapp.com
https://support.apple.com
http://www.opera.com
http://itunes.apple.com
http://www.coambiente.com
http://www.puntopy.com
http://www.lanube.com.py
https://203.sb.mywebsite-editor.com
https://login.1and1-editor.com
https://2.bp.blogspot.com
https://3.bp.blogspot.com
https://pinterest.com
https://www.pinterest.com
http://www.smbwebconsulting.com
http://www.canariasweb.com.ar
http://www.teirlog.es
http://www.uns.edu.ar
http://www.untref.edu.ar
https://kairaweb.com
http://wi871561.ferozo.com
http://browsehappy.com
http://diaguita.uns.edu.ar
http://ediuns.com.ar
http://elecciones.uns.edu.ar
http://empleo.uns.edu.ar
http://guia.uns.edu.ar
https://datos.uns.edu.ar
http://servicios.uns.edu.ar
https://moodle.uns.edu.ar
https://servicios.uns.edu.ar
https://webmail.uns.edu.ar
http://www.radio.uns.edu.ar
https://browsehappy.com
https://diaguita.uns.edu.ar
https://ediuns.com.ar
http://empresauns.trabajando.com
https://radio.uns.edu.ar
http://eduntref.com.ar
http://espaciountref-xirgu.com.ar
http://untref.edu.ar
http://untrefmedia.com
http://geasustentable.com.ar/
https://www.untref.edu.ar
https://www.plateanet.com
https://untrefmedia.com
https://www.untrefvirtual.edu.ar
https://bairesanalitica.com
https://www.bfmyl.com
http://bhysa.com.ar
https://brotead.com
http://www.globalwaterengineering.com
http://brotead.kinexo.com
https://www.fepi.com.ar
http://www.interactargentina.com.ar
https://catchthemes.com
https://catchplugins.com
http://www.youjoomla.com
https://www.cihsoluciones.com
http://www.darteideas.com
http://www.marisasacco.com.ar
http://www.creatica.com.ar
https://www.creatica.com.ar
http://lumio.com.ar
http://marketing.caffebonini.com.ar
https://bosca.net.ar
https://cetaphil.com.ar
https://eficienciaenergetica.net.ar
https://ferroli.com.ar
https://gracoargentina.com.ar
http://soul.com.ar
https://www.adt.com.ar
https://www.bedtime.com.ar
https://www.bice.com.ar
https://www.cleverhome.com.ar
https://www.ferraro.com.ar
https://www.floripondias.com.ar
https://www.grupoabans.com
https://www.infobae.com
https://www.marval.com
https://www.mila.com.ar
https://www.nestleskinhealth.com
https://www.penetrit.com
https://www.watar.com.ar
http://www.digitalia.com.ar
http://www.piazzagriferia.com
http://www.sgasa.com.ar
http://www.ecotec.com.ar
https://www.envirolife.com.ar
https://www.envirolux.com.ar
http://www.sontek.com
https://www.sontek.com
http://evasa.com.ar
http://www.inspiro-media.com
http://www.agrego.com.ar
https://agrego.com.ar
https://echaletinta.com.ar
https://vimeo.com
https://youpi.com.ar
http://www.granhead.com
https://granhead.com
http://ar.grundfos.com
http://incol.com
http://industriayambiente.com.ar
http://w3widget.com
https://www.jmbambiental.com.ar
https://es.pinterest.com
http://lpge.com.ar
https://beautebook.com
https://www.beautebook.com
http://www.nsgestionenaccion.com
http://mail.opds.gba.gov.ar
http://sata.opds.gba.gov.ar
http://sistemas.gba.gov.ar
http://sistemas.opds.gba.gov.ar
https://sistemas.opds.gba.gov.ar
https://www.bancoprovincia.com.ar
https://www.gba.gob.ar
http://www.gba.gob.ar
http://www.gba.gov.ar
http://www.gob.gba.gov.ar
http://www.ips.gba.gob.ar
http://www.rrhh.gba.gov.ar
http://www.sitdt.gba.gob.ar
http://gdeba.gba.gob.ar
https://buenosaires.tur.ar
https://infraccionesba.gba.gob.ar
https://mail.gba.gob.ar
https://miprovincia.gobdigital.gba.gob.ar
https://portal.gba.gob.ar
https://portal.rrhh.gba.gob.ar
https://sistemas.gba.gob.ar
https://sistemas.gba.gov.ar
https://sso.siape.gba.gov.ar
https://webmail.gba.gob.ar
https://www.boletinoficial.gba.gob.ar
http://www.migraciones.gov.ar
http://www.ms.gba.gov.ar
https://www.gdeba.gba.gob.ar
https://www.viajar.tur.ar
http://turismo.buenosaires.gob.ar
http://www.buenosaires.tur.ar
http://www.turismo.gov.ar
https://atencionciudadana.gba.gob.ar
https://defensaconsumidor.mjus.gba.gob.ar
https://rpva.mseg.gba.gov.ar
https://seguridad.gba.gob.ar
https://sistemas.ms.gba.gov.ar
https://turnos.ips.gov.ar
https://www.anses.gob.ar
https://www.argentina.gob.ar
https://www.dnrec.jus.gov.ar
http://www.infovtv.com.ar
http://www.ioma.gba.gob.ar
http://portal.gba.gob.ar
http://dpsit.gba.gov.ar
https://ayuda.slyt.gba.gov.ar
https://consultas.slyt.gba.gob.ar
http://formar.ips.gba.gov.ar
http://gba.gov.ar
https://webmutuales.ips.gba.gob.ar
http://turnos.ips.gov.ar
http://www.ips.gba.gov.ar
http://www.siape.gba.gov.ar
http://proanalisis.com.ar
http://reconstruccion.com.ar
http://www.digitalmeri.com
https://www.gruppe-heinlein.com
https://www.jacforklift.com.ar
http://www.elektrogen.com
http://www.e-plexo.com
http://www.topeurbano.com
http://www.4-a-m.com
http://ideassimples.com
http://www.ideassimples.com
https://nic.ar
http://www.elementalweb.com.ar
https://www.onsiteict.com.ar
http://www.enn.com
https://www.enn.com
https://blog.enn.com
http://www.sessionstudio.com.ar
http://www.atmosfair.fr
https://www.webs-event.com
http://www.untrefvirtual.edu.ar
https://www.apple.com
https://www.mozilla.org
https://www.opera.com
https://appleid.apple.com
https://investor.apple.com
https://itunes.apple.com
https://locate.apple.com
https://www.icloud.com
http://montangiedg.com.ar
https://montangiedg.com.ar
http://www.pinterest.com
http://www.umsa.edu.ar
http://campus.umsa.edu.ar
http://empleos.umsa.edu.ar
http://mail.umsa.edu.ar
http://mi.umsa.edu.ar
https://campus.umsa.edu.ar
https://webmail.umsa.edu.ar
http://americastreaming.com
http://www.americastreaming.com
http://w3layouts.com
https://materiales.untrefvirtual.edu.ar
https://untrefvirtual.edu.ar
https://www.u3fweb.com.ar
http://bosca.net.ar
http://cleverhome.com.ar
https://cleverhome.com.ar
http://eqoglobal.com
http://fundacionbariloche.org.ar
https://bneu.eficienciaenergetica.net.ar
https://www.ceddet.org
https://www.gfa-group.de
http://fb.cab.cnea.gov.ar
https://www.ctc-n.org
https://www.skype.com
http://www.ambiente.gov.ar
http://www.cepal.org
http://www.digitalclipping.com.ar
http://www.flacso.org
http://www.fundacionbariloche.org.ar
http://www.iadb.org
http://www.idrc.ca
http://www.ipcc.ch
http://www.reeep.org
http://www.sei-us.org
http://www.uba.ar
http://www.ucasal.edu.ar
http://www.ucu.edu.uy
http://www.uncoma.edu.ar
http://www.unep.org
http://www.unm.edu.ar
http://soporte.cnea.gov.ar
https://www.flacso.org
https://www.idrc.ca
https://www.reeep.org
https://www.sei.org
http://citep.rec.uba.ar
http://cyt.rec.uba.ar
http://extension.rec.uba.ar
https://informacionestadistica.rec.uba.ar
https://upce.rec.uba.ar
http://ventasinacayal@rec.uba.ar
http://www.academica.rec.uba.ar
http://www.agro.uba.ar
http://www.derecho.uba.ar
http://www.economicas.uba.ar
http://www.eudeba.com.ar
http://www.exactas.uba.ar
http://www.fadu.uba.ar
http://www.ffyb.uba.ar
http://www.filo.uba.ar
http://www.fmed.uba.ar
http://www.fvet.uba.ar
http://www.ingenieria.uba.ar
http://www.odon.uba.ar
http://www.psi.uba.ar
http://www.rojas.uba.ar
http://www.sisbi.uba.ar
http://www.sociales.uba.ar
https://www.uncoma.edu.ar
http://biblioteca.unm.edu.ar
http://campusvirtual.unm.edu.ar
http://contrataciones.unm.edu.ar
http://conusur.unaj.edu.ar
http://cvar.sicytar.mincyt.gob.ar
http://gestiononline.unm.edu.ar
http://repositorio.unm.edu.ar:8080
http://sigeva.unm.edu.ar
http://www.unmeditora.unm.edu.ar
https://www.utn.edu.ar
http://ferroli.com.ar
https://www.mercadopago.com.ar
https://developers.mercadopago.com
https://registration.mercadopago.com.ar
https://www.soul.com.ar
https://soul.com.ar
https://www.megga.com.ar
https://adtargentina.zendesk.com
https://interactivesecurity.adt.com.ar
https://johnsoncontrols.referrals.selectminds.com
https://www.adtargentina.com.ar
https://www.interactivesecurity.adt.com.ar
http://www.adtargentina.com.ar
http://www.adt.com.ar
http://www.johnsoncontrols.com
http://www.missingchildren.org.ar
https://alarmadmin.alarm.com
https://smartsecurity.adt.com.ar
http://www.gigared.com.ar
http://www.tisa-sistemas.com.ar
https://www.gigared.com.ar
http://www.cace.org.ar
http://www.cybermonday.com.ar
http://correo.bice.com.ar
https://bice.com.ar
https://www.comunidadbice.com.ar
https://ferraro.com.ar
https://ferraro.e-mips.com.ar
https://grupoabans.hiringroom.com
https://hiringroom.com
http://toptoptoys.com
http://www.Accenture.Com
http://www.Basf.Com
http://www.Chevron.com
http://www.Consumax.com.ar
http://www.electrooutlet.com.ar
http://www.Emsalog.com.ar
http://www.gatostore.com
http://www.Greenpeace.Org
http://www.Honda.com.ar
http://www.ibm.com
http://www.Kumon.es
http://www.linealsoluciones.com
http://www.Nestle.com.ar
http://www.pampaenergia.com
http://www.remax.com.ar
http://www.Repsa.Sion.Com
http://www.Roman.com.ar
http://www.Samsung.com.ar
http://www.Santanderrio.com.ar
http://www.Urbasur.com.ar
https://www.flaticon.com
http://www.freepik.com
http://css-tricks.com
https://contributor.flaticon.com
https://developer.flaticon.com
https://flaticon.zendesk.com
https://graphicresources.typeform.com
https://pattern.flaticon.com
https://support.flaticon.com
http://statcounter.com
https://www.flaticon.es
https://www.freepik.com
https://www.freepikcompany.com
https://www.slidesgo.com
http://www.piktab.com
http://autos.honda.com.ar
http://honda.bumeran.com.ar
http://marine.honda.com.ar
http://motos.honda.com.ar
http://pf.honda.com.ar
https://tiendahonda.com.ar
http://www.bna.com.ar
http://atencionalcliente.honda.com.ar
http://postventaautos.honda.com.ar
http://www.honda.com.ar
http://www.bumeran.com.ar
https://marine.honda.com.ar
http://www.hondaofficialstore.com.ar
http://honda-powerproducts.com
https://www.kumon.es
http://au.kumonglobal.com
http://id.kumonglobal.com
http://in.kumonglobal.com
http://my.kumonglobal.com
http://nz.kumonglobal.com
http://ph.kumonglobal.com
http://sg.kumonglobal.com
https://www.kumon.ad
https://www.kumon.cat
https://www.kumon.co.at
https://www.kumon.co.hu
https://www.kumon.com
https://www.kumon.com.ar
https://www.kumon.com.gr
https://www.kumon.com.uy
https://www.kumon.co.za
https://www.kumon.de
https://www.kumon.fr
https://www.kumon.it
https://www.kumon.lu
https://www.kumon.pt
http://th.kumonglobal.com
http://vn.kumonglobal.com
http://www.kumonbj.com.cn
http://www.kumon.cat
http://www.kumon.cl
http://www.kumon.com
http://www.kumon.com.bo
http://www.kumon.com.br
http://www.kumon.com.co
http://www.kumon.com.pe
http://www.kumon.co.uk
http://www.kumon.ie
http://www.kumon.ne.jp
http://www.kumon.org
https://login.skype.com
http://www.otul.com.ar
http://www.skype.com
http://blog.remax.com.ar
http://global.remax.com
http://remax-franquicias.com.ar
http://remax-kosovo.com
https://www.remax.com.ar
http://www.bonairehomes.com
http://www.experienciaremax.com.ar
http://www.gryphtech.com
http://www.remax.ae
http://www.remax-albania.com
http://www.remax.be
http://www.remax.bg
http://www.remax-bh.ba
http://www.remax.bo
http://www.remax.by
http://www.remax.ch
http://www.remax.cl
http://www.remax.co
http://www.remax.co.kr
http://www.remax.com.br
http://www.remax.com.cn
http://www.remax.com.cy
http://www.remax.com.ec
http://www.remax.com.eg
http://www.remax.com.py
http://www.remax.com.tn
http://www.remax.com.uy
http://www.remax.co.nz
http://www.remax.co.th
http://www.remax.co.tz
http://www.remax.de
http://www.remax.ee
http://www.remax.es
http://www.remax.eu
http://www.remax.fi
http://www.remax.fr
http://www.remax-georgia.ge
http://www.remaxghana.com
http://www.remax.hr
http://www.remax.in
http://www.remax-ireland.com
http://www.remax.is
http://www.remax-israel.com
http://www.remax.it
http://www.remax-japan.com
http://www.remax-kenya.co.ke
http://www.remax-lebanon.com
http://www.remax.li
http://www.remax.lk
http://www.remax.lu
http://www.remax.lv
http://www.remax.ma
http://www.remax-malta.com
http://www.remax.me
http://www.remaxmicronesia.com
http://www.remax.mn
http://www.remax.my
http://www.remax.ng
http://www.remax.nl
http://www.remax-norge.no
http://www.remax.ph
http://www.remax-polska.pl
http://www.remax.pt
http://www.remax.ro
http://www.remax.rs
http://www.remax.sa
http://www.remax-scotland.com
http://www.re-max.si
http://www.remax-sverige.com
http://www.remax.ua
http://www.remax.ug
http://www.theremaxcollection.com.ar
https://www.addthis.com
http://outlook.office.com
https://www.maxcntr.com
http://www.remaxcommercial.com
http://www.remaxkorea.co.kr
http://www.remaxkorea.kr:8080
http://www.remaxportal.co.kr
http://www.theremaxcollection.com
http://theremaxcollection.com.uy
http://www.experienciaremax.com.uy
https://www.remax.fi
https://www.flikr.com
https://www.remax.in
https://www.flickr.com
http://www.at-home-in-europe.eu
http://guamwebz.com
http://remaxglobal.com
https://global.remax.com
http://joinremax.com
http://www.lppeh.gov.my
https://www.remax-norge.no
http://www.lun.ua
http://www.repsa.sion.com
http://cdn01.ib.infobae.com
http://mediakit.infobae.com
http://www.infobae.com
https://www.copyprot.com
http://www.copyprot.com
http://www.providesupport.com?messenger=yuansunet
https://www.digitalia.com.ar
http://e-comm.com.ar
http://foodframe.com.ar
http://www.allytech.com
http://www.blukfilms.com
http://www.vientocc.com
http://www.visionyaccion.com.ar
http://portal.piazzagriferia.com
https://ar.pinterest.com
http://studiomediaweb.com
https://studiomediaweb.com
http://www.lpge.com.ar
http://www.nsorganizacional.com
http://www.opds.gba.gov.ar
https://cas.gdeba.gba.gob.ar
https://portal.gdeba.gba.gob.ar
http://videojs.com
http://www.gdeba.gba.gob.ar
http://intranet.mp.gba.gov.ar
https://www.cnrt.gob.ar
https://www.enacom.gob.ar
https://www.enargas.gob.ar
http://www.ada.gba.gov.ar
http://www.anmat.gov.ar
http://www.enre.gov.ar
http://www.eras.gov.ar
http://www.oceba.gba.gov.ar
http://www.transporteba.gba.gov.ar
http://www.vialidad.gba.gov.ar
http://registros-sca.enacom.gob.ar
https://indicadores.enacom.gob.ar
https://www.boletinoficial.gob.ar
http://registros.afsca.gob.ar
http://test-registros.afsca.gob.ar
http://pc.boletinoficial.gob.ar
https://dv.boletinoficial.gob.ar
https://en.boletinoficial.gob.ar
https://timeline.boletinoficial.gob.ar
https://tramitesadistancia.gob.ar
http://www.infoleg.gob.ar
http://www.redboa.org
http://www.reddeboletines.gob.ar
http://gis.ada.gba.gov.ar
http://intra.ada.gba.gov.ar
https://server.ada.gba.gov.ar
https://www.tarifasocialeras.com.ar
http://www2.cnrt.gob.ar
http://www.acumar.gov.ar
http://www.aderasa.org
http://www.aferas.org.ar
http://www.aidisar.org.ar
http://www.apla.gov.ar
http://www.boletinoficial.gov.ar
http://www.casarosada.gob.ar
http://www.cnc.gov.ar
http://www.cofes.org.ar
http://www.conicet.gov.ar
http://www.dpa.gov.ar
http://www.enargas.gov.ar
http://www.enohsa.gov.ar
http://www.enress.gov.ar
http://www.epas.mendoza.gov.ar
http://www.ina.gov.ar
http://www.inta.gov.ar
http://www.mosp.gba.gov.ar
http://www.ocaba.mosp.gba.gov.ar
http://www.occovi.gov.ar
http://www.orsep.gob.ar
http://www.orsna.gov.ar
http://www.undp.org.ar
https://issuu.com
https://presscustomizr.com
https://simplesharebuttons.com
https://www.aidisar.org.ar
https://www.aidis.org.uy
http://www.aidis.cl
http://www.aidisnet.org
http://www.aidis.org.br
http://www.aidisparaguay.org.py
http://coalaweb.com
http://epas.mendoza.gov.ar
http://webmail.mendoza.gov.ar
http://www.5ktailgate.com
http://www.hitsniffer.com
https://www.ina.gov.ar
http://www.ar.undp.org
https://oceba.gba.gov.ar
https://aubasa.com.ar
https://gba.gob.ar
https://mail.vialidad.gba.gov.ar
https://apps.apple.com
https://autogestion.ioma.gba.gov.ar
http://www.proanalisisclientes.com.ar
http://www.tecnoracks.com.ar
http://www.fashionbags.com.ar
https://www.olark.com
http://www.olark.com?welcome
http://www.himoinsa.com
https://www.himoinsa.com
http://partner.himoinsa.com
https://corp.himoshare.com
https://correo.himoinsa.com
https://power-support.himoinsa.com
https://red.himoinsa.com
https://ticketsit.himoinsa.com
http://www.ec.europa.eu
http://www.himoinsa.de
https://www.e-plexo.com
http://digitalmeri.com
https://bfa.ar
https://ipv6.ar
https://rdlist.nic.ar
https://www.icann.org
http://www.ipv6.ar
http://www.lactld.org
https://gitlab.bfa.ar
https://listas.bfa.ar
https://registro.bfa.ar
https://wiki.bfa.ar
http://www.debian.org
http://www.gnu.org
http://www.python.org
https://www.iana.org
http://www.flickr.com
http://www.icann.org
https://www.lactld.org
http://batteryuniversity.com
http://business.time.com
http://healthyeating.sfgate.com
https://safeandwell.communityos.org
https://www.independent.co.uk
https://www.maacenter.org
https://www.mercycorps.org
https://www.mesothelioma.com
https://www.nrdc.org
https://www.nytimes.com
http://www.realtytrac.com
http://www.redcross.org
http://www.undp.org
https://batteryuniversity.com
https://www.cadex.com
http://www.cadex.com
http://www.coalescentdesign.com
https://independentnews.zendesk.com
https://www.esimedia.co.uk
https://www.indy100.com
https://www.standard.co.uk
http://www.independent.co.uk
https://www.homesandproperty.co.uk
http://www.eveningstandardtickets.co.uk?utm_source=standard&amp;utm_medium=nav&amp;utm_campaign=nav
http://www.homesandproperty.co.uk
http://www.londonlive.co.uk
http://www.thisislondontickets.co.uk
https://www.charitynavigator.org
https://www.charitywatch.org
http://pinterest.com
http://vimeo.com
http://www.charitynavigator.org
https://time.com
https://www.bbb.org
https://www.forbes.com
https://www.greenpeace.org
https://www.healthonnet.org
https://www.medicalnewstoday.com
https://www.theguardian.com
https://cloud.newsletters.time.com
https://privacyportal-cdn.onetrust.com
https://www.bbbmarketplacetrust.org
https://www.bbbprograms.org
http://www.asrcreviews.org
http://www.bbbmarketplacetrust.org
http://www.bbb.org
http://corporate.morningstar.com
http://custom.forbes.com
http://forbesjapan.com
http://forbesreprints.magreprints.com
http://forbesvietnam.com
http://preferences-mgr.truste.com
https://admin.buysub.com
https://forbes8.forbes.com
https://forbesagencycouncil.com
https://forbesbizdevcouncil.com
https://forbesbooks.com
https://forbesbostoncouncil.com
https://forbeschicagocouncil.com
https://forbescoachescouncil.com
https://forbescommcouncil.com
https://forbesdallascouncil.com
https://forbesfinancecouncil.com
https://forbeshrcouncil.com
https://forbeslacouncil.com
https://forbesnonprofitcouncil.com
https://forbesnycouncil.com
https://forbesrealestatecouncil.com
https://forbessanfranciscocouncil.com
https://forbesspeakers.com
https://forbestechcouncil.com
https://learn.forbes.com
https://live.forbes.com
https://newsletters.editorial.forbes.com
https://preferences-mgr.truste.com
https://subs.forbesmagazine.com
https://www.forbesafrique.com
https://www.forbes.at
https://www.forbesitalia.com
https://www.forbesmagazine.com
https://www.parsintl.com
http://www.forbesafrica.com
http://www.forbesargentina.com
http://www.forbeschina.com
http://www.forbes.co.il
http://www.forbes.cz
http://www.forbes.fr
http://www.forbesgreece.com
http://www.forbesindia.com
http://www.forbesmagazine.com
http://www.forbesmedia.com
http://www.forbesmiddleeast.com
http://www.forbes.pl
http://www.forbes.ro
http://www.forbes.ru
http://www.forbes.sk
http://www.forbesthailand.com
https://www.hon.ch
https://www.healthline.com
http://eedition.nytimes.com
http://nytconferences.com
http://nyt.qualtrics.com
https://account.nytimes.com
https://cn.nytimes.com
https://cooking.nytimes.com
https://help.nytimes.com
https://myaccount.nytimes.com
https://nytmediakit.com
https://parenting.nytimes.com
https://spiderbites.nytimes.com
https://store.nytimes.com
https://thewirecutter.com
https://www.nytco.com
http://www.nytimes.com
http://www.tbrandstudio.com
https://timesevents.nytimes.com
https://www.getwiththetimes.com
https://www.timestalks.com
https://nytcnapps.oss-cn-hongkong.aliyuncs.com
https://www.shi-magazine.com
http://www.nytco.com
http://nytmediakit.com
https://advertising.nytimes.com
https://nl.nytimes.com
http://jobmarket.nytimes.com
http://spiderbites.nytimes.com
http://travel.nytimes.com
https://nytimes.com
https://www.nytedu.com
http://timestalks.com
http://www.nytwineclub.com
http://shrsl.com
https://thewirecutter.us5.list-manage.com
https://www.avantlink.com
https://www.costco.com
https://www.landsend.com
http://investors.nytco.com
https://investors.nytco.com
